0 info it worked if it ends with ok
1 verbose cli [ 'D:\\Program Files\\nodejs\\node.exe',
1 verbose cli   'D:\\Program Files\\nodejs\\node_modules\\npm\\bin\\npm-cli.js',
1 verbose cli   'install',
1 verbose cli   'sleep' ]
2 info using npm@3.10.10
3 info using node@v6.10.0
4 silly loadCurrentTree Starting
5 silly install loadCurrentTree
6 silly install readLocalPackageData
7 silly fetchPackageMetaData sleep@^5.1.0
8 silly fetchNamedPackageData sleep
9 silly mapToRegistry name sleep
10 silly mapToRegistry using default registry
11 silly mapToRegistry registry https://registry.npmjs.org/
12 silly mapToRegistry data Result {
12 silly mapToRegistry   raw: 'sleep',
12 silly mapToRegistry   scope: null,
12 silly mapToRegistry   escapedName: 'sleep',
12 silly mapToRegistry   name: 'sleep',
12 silly mapToRegistry   rawSpec: '',
12 silly mapToRegistry   spec: 'latest',
12 silly mapToRegistry   type: 'tag' }
13 silly mapToRegistry uri https://registry.npmjs.org/sleep
14 verbose request uri https://registry.npmjs.org/sleep
15 verbose request no auth needed
16 info attempt registry request try #1 at 11:53:43 AM
17 verbose request id 202e390ee8c971f8
18 verbose etag W/"58743b35-520a"
19 verbose lastModified Tue, 10 Jan 2017 01:39:01 GMT
20 http request GET https://registry.npmjs.org/sleep
21 http 304 https://registry.npmjs.org/sleep
22 verbose headers { date: 'Mon, 27 Mar 2017 09:53:43 GMT',
22 verbose headers   via: '1.1 varnish',
22 verbose headers   'cache-control': 'max-age=300',
22 verbose headers   etag: 'W/"58743b35-520a"',
22 verbose headers   age: '158',
22 verbose headers   connection: 'keep-alive',
22 verbose headers   'x-served-by': 'cache-hhn1534-HHN',
22 verbose headers   'x-cache': 'HIT',
22 verbose headers   'x-cache-hits': '1',
22 verbose headers   'x-timer': 'S1490608423.255521,VS0,VE0',
22 verbose headers   vary: 'Accept-Encoding' }
23 silly get cb [ 304,
23 silly get   { date: 'Mon, 27 Mar 2017 09:53:43 GMT',
23 silly get     via: '1.1 varnish',
23 silly get     'cache-control': 'max-age=300',
23 silly get     etag: 'W/"58743b35-520a"',
23 silly get     age: '158',
23 silly get     connection: 'keep-alive',
23 silly get     'x-served-by': 'cache-hhn1534-HHN',
23 silly get     'x-cache': 'HIT',
23 silly get     'x-cache-hits': '1',
23 silly get     'x-timer': 'S1490608423.255521,VS0,VE0',
23 silly get     vary: 'Accept-Encoding' } ]
24 verbose etag https://registry.npmjs.org/sleep from cache
25 verbose get saving sleep to C:\Users\Greg\AppData\Roaming\npm-cache\registry.npmjs.org\sleep\.cache.json
26 verbose correctMkdir C:\Users\Greg\AppData\Roaming\npm-cache correctMkdir not in flight; initializing
27 silly install normalizeTree
28 silly loadCurrentTree Finishing
29 silly loadIdealTree Starting
30 silly install loadIdealTree
31 silly cloneCurrentTree Starting
32 silly install cloneCurrentTreeToIdealTree
33 silly cloneCurrentTree Finishing
34 silly loadShrinkwrap Starting
35 silly install loadShrinkwrap
36 silly loadShrinkwrap Finishing
37 silly loadAllDepsIntoIdealTree Starting
38 silly install loadAllDepsIntoIdealTree
39 silly resolveWithNewModule sleep@5.1.0 checking installable status
40 silly cache add args [ 'sleep@^5.1.0', null ]
41 verbose cache add spec sleep@^5.1.0
42 silly cache add parsed spec Result {
42 silly cache add   raw: 'sleep@^5.1.0',
42 silly cache add   scope: null,
42 silly cache add   escapedName: 'sleep',
42 silly cache add   name: 'sleep',
42 silly cache add   rawSpec: '^5.1.0',
42 silly cache add   spec: '>=5.1.0 <6.0.0',
42 silly cache add   type: 'range' }
43 silly addNamed sleep@>=5.1.0 <6.0.0
44 verbose addNamed ">=5.1.0 <6.0.0" is a valid semver range for sleep
45 silly addNameRange { name: 'sleep', range: '>=5.1.0 <6.0.0', hasData: false }
46 silly mapToRegistry name sleep
47 silly mapToRegistry using default registry
48 silly mapToRegistry registry https://registry.npmjs.org/
49 silly mapToRegistry data Result {
49 silly mapToRegistry   raw: 'sleep',
49 silly mapToRegistry   scope: null,
49 silly mapToRegistry   escapedName: 'sleep',
49 silly mapToRegistry   name: 'sleep',
49 silly mapToRegistry   rawSpec: '',
49 silly mapToRegistry   spec: 'latest',
49 silly mapToRegistry   type: 'tag' }
50 silly mapToRegistry uri https://registry.npmjs.org/sleep
51 verbose addNameRange registry:https://registry.npmjs.org/sleep not in flight; fetching
52 verbose get https://registry.npmjs.org/sleep not expired, no request
53 silly addNameRange number 2 { name: 'sleep', range: '>=5.1.0 <6.0.0', hasData: true }
54 silly addNameRange versions [ 'sleep',
54 silly addNameRange   [ '1.0.0',
54 silly addNameRange     '1.0.1',
54 silly addNameRange     '1.0.2',
54 silly addNameRange     '1.1.0',
54 silly addNameRange     '1.1.1',
54 silly addNameRange     '1.1.2',
54 silly addNameRange     '1.1.3',
54 silly addNameRange     '1.1.4',
54 silly addNameRange     '1.1.5',
54 silly addNameRange     '1.1.6',
54 silly addNameRange     '1.1.7',
54 silly addNameRange     '1.1.8',
54 silly addNameRange     '1.2.0',
54 silly addNameRange     '2.0.0',
54 silly addNameRange     '3.0.0',
54 silly addNameRange     '3.0.1',
54 silly addNameRange     '4.0.0',
54 silly addNameRange     '5.0.0',
54 silly addNameRange     '5.1.0' ] ]
55 silly addNamed sleep@5.1.0
56 verbose addNamed "5.1.0" is a plain semver version for sleep
57 silly cache afterAdd sleep@5.1.0
58 verbose afterAdd C:\Users\Greg\AppData\Roaming\npm-cache\sleep\5.1.0\package\package.json not in flight; writing
59 verbose correctMkdir C:\Users\Greg\AppData\Roaming\npm-cache correctMkdir not in flight; initializing
60 verbose afterAdd C:\Users\Greg\AppData\Roaming\npm-cache\sleep\5.1.0\package\package.json written
61 silly fetchNamedPackageData bufferutil
62 silly mapToRegistry name bufferutil
63 silly mapToRegistry using default registry
64 silly mapToRegistry registry https://registry.npmjs.org/
65 silly mapToRegistry data Result {
65 silly mapToRegistry   raw: 'bufferutil',
65 silly mapToRegistry   scope: null,
65 silly mapToRegistry   escapedName: 'bufferutil',
65 silly mapToRegistry   name: 'bufferutil',
65 silly mapToRegistry   rawSpec: '',
65 silly mapToRegistry   spec: 'latest',
65 silly mapToRegistry   type: 'tag' }
66 silly mapToRegistry uri https://registry.npmjs.org/bufferutil
67 silly fetchNamedPackageData utf-8-validate
68 silly mapToRegistry name utf-8-validate
69 silly mapToRegistry using default registry
70 silly mapToRegistry registry https://registry.npmjs.org/
71 silly mapToRegistry data Result {
71 silly mapToRegistry   raw: 'utf-8-validate',
71 silly mapToRegistry   scope: null,
71 silly mapToRegistry   escapedName: 'utf-8-validate',
71 silly mapToRegistry   name: 'utf-8-validate',
71 silly mapToRegistry   rawSpec: '',
71 silly mapToRegistry   spec: 'latest',
71 silly mapToRegistry   type: 'tag' }
72 silly mapToRegistry uri https://registry.npmjs.org/utf-8-validate
73 verbose request uri https://registry.npmjs.org/bufferutil
74 verbose request no auth needed
75 info attempt registry request try #1 at 11:53:43 AM
76 verbose etag W/"58b95213-3769"
77 verbose lastModified Fri, 03 Mar 2017 11:22:59 GMT
78 http request GET https://registry.npmjs.org/bufferutil
79 verbose request uri https://registry.npmjs.org/utf-8-validate
80 verbose request no auth needed
81 info attempt registry request try #1 at 11:53:43 AM
82 verbose etag W/"58987f4c-38a3"
83 verbose lastModified Mon, 06 Feb 2017 13:51:08 GMT
84 http request GET https://registry.npmjs.org/utf-8-validate
85 http 304 https://registry.npmjs.org/bufferutil
86 verbose headers { date: 'Mon, 27 Mar 2017 09:53:43 GMT',
86 verbose headers   via: '1.1 varnish',
86 verbose headers   'cache-control': 'max-age=300',
86 verbose headers   etag: 'W/"58b95213-3769"',
86 verbose headers   age: '130',
86 verbose headers   connection: 'keep-alive',
86 verbose headers   'x-served-by': 'cache-hhn1534-HHN',
86 verbose headers   'x-cache': 'HIT',
86 verbose headers   'x-cache-hits': '1',
86 verbose headers   'x-timer': 'S1490608423.521422,VS0,VE0',
86 verbose headers   vary: 'Accept-Encoding' }
87 silly get cb [ 304,
87 silly get   { date: 'Mon, 27 Mar 2017 09:53:43 GMT',
87 silly get     via: '1.1 varnish',
87 silly get     'cache-control': 'max-age=300',
87 silly get     etag: 'W/"58b95213-3769"',
87 silly get     age: '130',
87 silly get     connection: 'keep-alive',
87 silly get     'x-served-by': 'cache-hhn1534-HHN',
87 silly get     'x-cache': 'HIT',
87 silly get     'x-cache-hits': '1',
87 silly get     'x-timer': 'S1490608423.521422,VS0,VE0',
87 silly get     vary: 'Accept-Encoding' } ]
88 verbose etag https://registry.npmjs.org/bufferutil from cache
89 verbose get saving bufferutil to C:\Users\Greg\AppData\Roaming\npm-cache\registry.npmjs.org\bufferutil\.cache.json
90 verbose correctMkdir C:\Users\Greg\AppData\Roaming\npm-cache correctMkdir not in flight; initializing
91 silly resolveWithNewModule bufferutil@1.3.0 checking installable status
92 silly cache add args [ 'bufferutil@^1.2.1', null ]
93 verbose cache add spec bufferutil@^1.2.1
94 silly cache add parsed spec Result {
94 silly cache add   raw: 'bufferutil@^1.2.1',
94 silly cache add   scope: null,
94 silly cache add   escapedName: 'bufferutil',
94 silly cache add   name: 'bufferutil',
94 silly cache add   rawSpec: '^1.2.1',
94 silly cache add   spec: '>=1.2.1 <2.0.0',
94 silly cache add   type: 'range' }
95 silly addNamed bufferutil@>=1.2.1 <2.0.0
96 verbose addNamed ">=1.2.1 <2.0.0" is a valid semver range for bufferutil
97 silly addNameRange { name: 'bufferutil', range: '>=1.2.1 <2.0.0', hasData: false }
98 silly mapToRegistry name bufferutil
99 silly mapToRegistry using default registry
100 silly mapToRegistry registry https://registry.npmjs.org/
101 silly mapToRegistry data Result {
101 silly mapToRegistry   raw: 'bufferutil',
101 silly mapToRegistry   scope: null,
101 silly mapToRegistry   escapedName: 'bufferutil',
101 silly mapToRegistry   name: 'bufferutil',
101 silly mapToRegistry   rawSpec: '',
101 silly mapToRegistry   spec: 'latest',
101 silly mapToRegistry   type: 'tag' }
102 silly mapToRegistry uri https://registry.npmjs.org/bufferutil
103 verbose addNameRange registry:https://registry.npmjs.org/bufferutil not in flight; fetching
104 verbose get https://registry.npmjs.org/bufferutil not expired, no request
105 silly addNameRange number 2 { name: 'bufferutil', range: '>=1.2.1 <2.0.0', hasData: true }
106 silly addNameRange versions [ 'bufferutil',
106 silly addNameRange   [ '1.0.0',
106 silly addNameRange     '1.0.1',
106 silly addNameRange     '1.1.0',
106 silly addNameRange     '1.2.0',
106 silly addNameRange     '1.2.1',
106 silly addNameRange     '1.3.0',
106 silly addNameRange     '2.0.0',
106 silly addNameRange     '2.0.1',
106 silly addNameRange     '3.0.0' ] ]
107 silly addNamed bufferutil@1.3.0
108 verbose addNamed "1.3.0" is a plain semver version for bufferutil
109 silly cache afterAdd bufferutil@1.3.0
110 verbose afterAdd C:\Users\Greg\AppData\Roaming\npm-cache\bufferutil\1.3.0\package\package.json not in flight; writing
111 verbose correctMkdir C:\Users\Greg\AppData\Roaming\npm-cache correctMkdir not in flight; initializing
112 verbose afterAdd C:\Users\Greg\AppData\Roaming\npm-cache\bufferutil\1.3.0\package\package.json written
113 http 304 https://registry.npmjs.org/utf-8-validate
114 verbose headers { date: 'Mon, 27 Mar 2017 09:53:43 GMT',
114 verbose headers   via: '1.1 varnish',
114 verbose headers   'cache-control': 'max-age=300',
114 verbose headers   etag: 'W/"58987f4c-38a3"',
114 verbose headers   age: '130',
114 verbose headers   connection: 'keep-alive',
114 verbose headers   'x-served-by': 'cache-hhn1537-HHN',
114 verbose headers   'x-cache': 'HIT',
114 verbose headers   'x-cache-hits': '1',
114 verbose headers   'x-timer': 'S1490608423.625987,VS0,VE0',
114 verbose headers   vary: 'Accept-Encoding' }
115 silly get cb [ 304,
115 silly get   { date: 'Mon, 27 Mar 2017 09:53:43 GMT',
115 silly get     via: '1.1 varnish',
115 silly get     'cache-control': 'max-age=300',
115 silly get     etag: 'W/"58987f4c-38a3"',
115 silly get     age: '130',
115 silly get     connection: 'keep-alive',
115 silly get     'x-served-by': 'cache-hhn1537-HHN',
115 silly get     'x-cache': 'HIT',
115 silly get     'x-cache-hits': '1',
115 silly get     'x-timer': 'S1490608423.625987,VS0,VE0',
115 silly get     vary: 'Accept-Encoding' } ]
116 verbose etag https://registry.npmjs.org/utf-8-validate from cache
117 verbose get saving utf-8-validate to C:\Users\Greg\AppData\Roaming\npm-cache\registry.npmjs.org\utf-8-validate\.cache.json
118 verbose correctMkdir C:\Users\Greg\AppData\Roaming\npm-cache correctMkdir not in flight; initializing
119 silly resolveWithNewModule utf-8-validate@1.2.2 checking installable status
120 silly cache add args [ 'utf-8-validate@^1.2.1', null ]
121 verbose cache add spec utf-8-validate@^1.2.1
122 silly cache add parsed spec Result {
122 silly cache add   raw: 'utf-8-validate@^1.2.1',
122 silly cache add   scope: null,
122 silly cache add   escapedName: 'utf-8-validate',
122 silly cache add   name: 'utf-8-validate',
122 silly cache add   rawSpec: '^1.2.1',
122 silly cache add   spec: '>=1.2.1 <2.0.0',
122 silly cache add   type: 'range' }
123 silly addNamed utf-8-validate@>=1.2.1 <2.0.0
124 verbose addNamed ">=1.2.1 <2.0.0" is a valid semver range for utf-8-validate
125 silly addNameRange { name: 'utf-8-validate',
125 silly addNameRange   range: '>=1.2.1 <2.0.0',
125 silly addNameRange   hasData: false }
126 silly mapToRegistry name utf-8-validate
127 silly mapToRegistry using default registry
128 silly mapToRegistry registry https://registry.npmjs.org/
129 silly mapToRegistry data Result {
129 silly mapToRegistry   raw: 'utf-8-validate',
129 silly mapToRegistry   scope: null,
129 silly mapToRegistry   escapedName: 'utf-8-validate',
129 silly mapToRegistry   name: 'utf-8-validate',
129 silly mapToRegistry   rawSpec: '',
129 silly mapToRegistry   spec: 'latest',
129 silly mapToRegistry   type: 'tag' }
130 silly mapToRegistry uri https://registry.npmjs.org/utf-8-validate
131 verbose addNameRange registry:https://registry.npmjs.org/utf-8-validate not in flight; fetching
132 verbose get https://registry.npmjs.org/utf-8-validate not expired, no request
133 silly addNameRange number 2 { name: 'utf-8-validate',
133 silly addNameRange   range: '>=1.2.1 <2.0.0',
133 silly addNameRange   hasData: true }
134 silly addNameRange versions [ 'utf-8-validate',
134 silly addNameRange   [ '1.0.0',
134 silly addNameRange     '1.0.1',
134 silly addNameRange     '1.1.0',
134 silly addNameRange     '1.2.0',
134 silly addNameRange     '1.2.1',
134 silly addNameRange     '1.2.2',
134 silly addNameRange     '2.0.0',
134 silly addNameRange     '3.0.0',
134 silly addNameRange     '3.0.1' ] ]
135 silly addNamed utf-8-validate@1.2.2
136 verbose addNamed "1.2.2" is a plain semver version for utf-8-validate
137 silly cache afterAdd utf-8-validate@1.2.2
138 verbose afterAdd C:\Users\Greg\AppData\Roaming\npm-cache\utf-8-validate\1.2.2\package\package.json not in flight; writing
139 verbose correctMkdir C:\Users\Greg\AppData\Roaming\npm-cache correctMkdir not in flight; initializing
140 verbose afterAdd C:\Users\Greg\AppData\Roaming\npm-cache\utf-8-validate\1.2.2\package\package.json written
141 silly loadAllDepsIntoIdealTree Finishing
142 silly loadIdealTree Finishing
143 silly currentTree fishtank@1.0.0
143 silly currentTree +-- ajv@4.11.5
143 silly currentTree +-- ansi-regex@2.1.1
143 silly currentTree +-- ansi-styles@2.2.1
143 silly currentTree +-- asn1@0.2.3
143 silly currentTree +-- assert-plus@0.2.0
143 silly currentTree +-- asynckit@0.4.0
143 silly currentTree +-- aws-sign2@0.6.0
143 silly currentTree +-- aws4@1.6.0
143 silly currentTree +-- bcrypt-pbkdf@1.0.1
143 silly currentTree +-- bindings@1.2.1
143 silly currentTree +-- boom@2.10.1
143 silly currentTree +-- caseless@0.12.0
143 silly currentTree +-- chalk@1.1.3
143 silly currentTree +-- co@4.6.0
143 silly currentTree +-- combined-stream@1.0.5
143 silly currentTree +-- cryptiles@2.0.5
143 silly currentTree +-- dashdash@1.14.1
143 silly currentTree | `-- assert-plus@1.0.0
143 silly currentTree +-- deasync@0.1.9
143 silly currentTree +-- delayed-stream@1.0.0
143 silly currentTree +-- ecc-jsbn@0.1.1
143 silly currentTree +-- escape-string-regexp@1.0.5
143 silly currentTree +-- eventemitter3@1.2.0
143 silly currentTree +-- extend@3.0.0
143 silly currentTree +-- extsprintf@1.0.2
143 silly currentTree +-- forever-agent@0.6.1
143 silly currentTree +-- form-data@2.1.2
143 silly currentTree +-- getpass@0.1.6
143 silly currentTree | `-- assert-plus@1.0.0
143 silly currentTree +-- handle-errors@1.0.0
143 silly currentTree +-- har-schema@1.0.5
143 silly currentTree +-- har-validator@4.2.1
143 silly currentTree +-- has-ansi@2.0.0
143 silly currentTree +-- hawk@3.1.3
143 silly currentTree +-- he@0.5.0
143 silly currentTree +-- hoek@2.16.3
143 silly currentTree +-- http-signature@1.1.1
143 silly currentTree +-- is-finite@1.0.2
143 silly currentTree +-- is-typedarray@1.0.0
143 silly currentTree +-- isstream@0.1.2
143 silly currentTree +-- jodid25519@1.0.2
143 silly currentTree +-- jsbn@0.1.1
143 silly currentTree +-- json-schema@0.2.3
143 silly currentTree +-- json-stable-stringify@1.0.1
143 silly currentTree +-- json-stringify-safe@5.0.1
143 silly currentTree +-- jsonify@0.0.0
143 silly currentTree +-- jsprim@1.4.0
143 silly currentTree | `-- assert-plus@1.0.0
143 silly currentTree +-- mime-db@1.27.0
143 silly currentTree +-- mime-types@2.1.15
143 silly currentTree +-- nan@2.4.0
143 silly currentTree +-- number-is-nan@1.0.1
143 silly currentTree +-- oauth-sign@0.8.2
143 silly currentTree +-- object-assign@4.1.1
143 silly currentTree +-- options@0.0.6
143 silly currentTree +-- performance-now@0.2.0
143 silly currentTree +-- plugapi@4.2.3
143 silly currentTree +-- punycode@1.4.1
143 silly currentTree +-- qs@6.4.0
143 silly currentTree +-- request@2.81.0
143 silly currentTree +-- safe-buffer@5.0.1
143 silly currentTree +-- sntp@1.0.9
143 silly currentTree +-- sshpk@1.11.0
143 silly currentTree | `-- assert-plus@1.0.0
143 silly currentTree +-- stringstream@0.0.5
143 silly currentTree +-- strip-ansi@3.0.1
143 silly currentTree +-- supports-color@2.0.0
143 silly currentTree +-- tough-cookie@2.3.2
143 silly currentTree +-- tunnel-agent@0.6.0
143 silly currentTree +-- tweetnacl@0.14.5
143 silly currentTree +-- ultron@1.0.2
143 silly currentTree +-- uuid@3.0.1
143 silly currentTree +-- verror@1.3.6
143 silly currentTree `-- ws@1.1.4
144 silly idealTree fishtank@1.0.0
144 silly idealTree +-- ajv@4.11.5
144 silly idealTree +-- ansi-regex@2.1.1
144 silly idealTree +-- ansi-styles@2.2.1
144 silly idealTree +-- asn1@0.2.3
144 silly idealTree +-- assert-plus@0.2.0
144 silly idealTree +-- asynckit@0.4.0
144 silly idealTree +-- aws-sign2@0.6.0
144 silly idealTree +-- aws4@1.6.0
144 silly idealTree +-- bcrypt-pbkdf@1.0.1
144 silly idealTree +-- bindings@1.2.1
144 silly idealTree +-- boom@2.10.1
144 silly idealTree +-- bufferutil@1.3.0
144 silly idealTree +-- caseless@0.12.0
144 silly idealTree +-- chalk@1.1.3
144 silly idealTree +-- co@4.6.0
144 silly idealTree +-- combined-stream@1.0.5
144 silly idealTree +-- cryptiles@2.0.5
144 silly idealTree +-- dashdash@1.14.1
144 silly idealTree | `-- assert-plus@1.0.0
144 silly idealTree +-- deasync@0.1.9
144 silly idealTree +-- delayed-stream@1.0.0
144 silly idealTree +-- ecc-jsbn@0.1.1
144 silly idealTree +-- escape-string-regexp@1.0.5
144 silly idealTree +-- eventemitter3@1.2.0
144 silly idealTree +-- extend@3.0.0
144 silly idealTree +-- extsprintf@1.0.2
144 silly idealTree +-- forever-agent@0.6.1
144 silly idealTree +-- form-data@2.1.2
144 silly idealTree +-- getpass@0.1.6
144 silly idealTree | `-- assert-plus@1.0.0
144 silly idealTree +-- handle-errors@1.0.0
144 silly idealTree +-- har-schema@1.0.5
144 silly idealTree +-- har-validator@4.2.1
144 silly idealTree +-- has-ansi@2.0.0
144 silly idealTree +-- hawk@3.1.3
144 silly idealTree +-- he@0.5.0
144 silly idealTree +-- hoek@2.16.3
144 silly idealTree +-- http-signature@1.1.1
144 silly idealTree +-- is-finite@1.0.2
144 silly idealTree +-- is-typedarray@1.0.0
144 silly idealTree +-- isstream@0.1.2
144 silly idealTree +-- jodid25519@1.0.2
144 silly idealTree +-- jsbn@0.1.1
144 silly idealTree +-- json-schema@0.2.3
144 silly idealTree +-- json-stable-stringify@1.0.1
144 silly idealTree +-- json-stringify-safe@5.0.1
144 silly idealTree +-- jsonify@0.0.0
144 silly idealTree +-- jsprim@1.4.0
144 silly idealTree | `-- assert-plus@1.0.0
144 silly idealTree +-- mime-db@1.27.0
144 silly idealTree +-- mime-types@2.1.15
144 silly idealTree +-- nan@2.4.0
144 silly idealTree +-- number-is-nan@1.0.1
144 silly idealTree +-- oauth-sign@0.8.2
144 silly idealTree +-- object-assign@4.1.1
144 silly idealTree +-- options@0.0.6
144 silly idealTree +-- performance-now@0.2.0
144 silly idealTree +-- plugapi@4.2.3
144 silly idealTree +-- punycode@1.4.1
144 silly idealTree +-- qs@6.4.0
144 silly idealTree +-- request@2.81.0
144 silly idealTree +-- safe-buffer@5.0.1
144 silly idealTree +-- sleep@5.1.0
144 silly idealTree +-- sntp@1.0.9
144 silly idealTree +-- sshpk@1.11.0
144 silly idealTree | `-- assert-plus@1.0.0
144 silly idealTree +-- stringstream@0.0.5
144 silly idealTree +-- strip-ansi@3.0.1
144 silly idealTree +-- supports-color@2.0.0
144 silly idealTree +-- tough-cookie@2.3.2
144 silly idealTree +-- tunnel-agent@0.6.0
144 silly idealTree +-- tweetnacl@0.14.5
144 silly idealTree +-- ultron@1.0.2
144 silly idealTree +-- utf-8-validate@1.2.2
144 silly idealTree +-- uuid@3.0.1
144 silly idealTree +-- verror@1.3.6
144 silly idealTree `-- ws@1.1.4
145 silly generateActionsToTake Starting
146 silly install generateActionsToTake
147 silly generateActionsToTake Finishing
148 silly diffTrees action count 3
149 silly diffTrees add bufferutil@1.3.0
150 silly diffTrees add utf-8-validate@1.2.2
151 silly diffTrees add sleep@5.1.0
152 silly decomposeActions action count 24
153 silly decomposeActions fetch bufferutil@1.3.0
154 silly decomposeActions extract bufferutil@1.3.0
155 silly decomposeActions test bufferutil@1.3.0
156 silly decomposeActions preinstall bufferutil@1.3.0
157 silly decomposeActions build bufferutil@1.3.0
158 silly decomposeActions install bufferutil@1.3.0
159 silly decomposeActions postinstall bufferutil@1.3.0
160 silly decomposeActions finalize bufferutil@1.3.0
161 silly decomposeActions fetch utf-8-validate@1.2.2
162 silly decomposeActions extract utf-8-validate@1.2.2
163 silly decomposeActions test utf-8-validate@1.2.2
164 silly decomposeActions preinstall utf-8-validate@1.2.2
165 silly decomposeActions build utf-8-validate@1.2.2
166 silly decomposeActions install utf-8-validate@1.2.2
167 silly decomposeActions postinstall utf-8-validate@1.2.2
168 silly decomposeActions finalize utf-8-validate@1.2.2
169 silly decomposeActions fetch sleep@5.1.0
170 silly decomposeActions extract sleep@5.1.0
171 silly decomposeActions test sleep@5.1.0
172 silly decomposeActions preinstall sleep@5.1.0
173 silly decomposeActions build sleep@5.1.0
174 silly decomposeActions install sleep@5.1.0
175 silly decomposeActions postinstall sleep@5.1.0
176 silly decomposeActions finalize sleep@5.1.0
177 silly runTopLevelLifecycles Starting
178 silly executeActions Starting
179 silly install executeActions
180 silly doSerial global-install 0
181 silly doParallel fetch 3
182 verbose correctMkdir C:\Users\Greg\AppData\Roaming\npm-cache\_locks correctMkdir not in flight; initializing
183 verbose lock using C:\Users\Greg\AppData\Roaming\npm-cache\_locks\staging-79d71645f5535a04.lock for D:\Projects\fishtank\node_modules\.staging
184 silly doParallel extract 3
185 silly extract bufferutil@1.3.0
186 silly extract utf-8-validate@1.2.2
187 silly extract sleep@5.1.0
188 verbose unbuild node_modules\.staging\utf-8-validate-1144ede5
189 verbose unbuild node_modules\.staging\sleep-5b94b290
190 verbose unbuild node_modules\.staging\bufferutil-0ca27264
191 silly gentlyRm D:\Projects\fishtank\node_modules\.staging\utf-8-validate-1144ede5 is being purged from base D:\Projects\fishtank
192 verbose gentlyRm don't care about contents; nuking D:\Projects\fishtank\node_modules\.staging\utf-8-validate-1144ede5
193 silly gentlyRm D:\Projects\fishtank\node_modules\.staging\sleep-5b94b290 is being purged from base D:\Projects\fishtank
194 verbose gentlyRm don't care about contents; nuking D:\Projects\fishtank\node_modules\.staging\sleep-5b94b290
195 silly gentlyRm D:\Projects\fishtank\node_modules\.staging\bufferutil-0ca27264 is being purged from base D:\Projects\fishtank
196 verbose gentlyRm don't care about contents; nuking D:\Projects\fishtank\node_modules\.staging\bufferutil-0ca27264
197 verbose tar unpack C:\Users\Greg\AppData\Roaming\npm-cache\utf-8-validate\1.2.2\package.tgz
198 verbose tar unpacking to D:\Projects\fishtank\node_modules\.staging\utf-8-validate-1144ede5
199 silly gentlyRm D:\Projects\fishtank\node_modules\.staging\utf-8-validate-1144ede5 is being purged
200 verbose gentlyRm don't care about contents; nuking D:\Projects\fishtank\node_modules\.staging\utf-8-validate-1144ede5
201 verbose tar unpack C:\Users\Greg\AppData\Roaming\npm-cache\sleep\5.1.0\package.tgz
202 verbose tar unpacking to D:\Projects\fishtank\node_modules\.staging\sleep-5b94b290
203 silly gentlyRm D:\Projects\fishtank\node_modules\.staging\sleep-5b94b290 is being purged
204 verbose gentlyRm don't care about contents; nuking D:\Projects\fishtank\node_modules\.staging\sleep-5b94b290
205 verbose tar unpack C:\Users\Greg\AppData\Roaming\npm-cache\bufferutil\1.3.0\package.tgz
206 verbose tar unpacking to D:\Projects\fishtank\node_modules\.staging\bufferutil-0ca27264
207 silly gentlyRm D:\Projects\fishtank\node_modules\.staging\bufferutil-0ca27264 is being purged
208 verbose gentlyRm don't care about contents; nuking D:\Projects\fishtank\node_modules\.staging\bufferutil-0ca27264
209 silly gunzTarPerm modes [ '777', '666' ]
210 silly gunzTarPerm modes [ '777', '666' ]
211 silly gunzTarPerm modes [ '777', '666' ]
212 silly gunzTarPerm extractEntry package.json
213 silly gunzTarPerm modified mode [ 'package.json', 420, 438 ]
214 silly gunzTarPerm extractEntry package.json
215 silly gunzTarPerm modified mode [ 'package.json', 420, 438 ]
216 silly gunzTarPerm extractEntry package.json
217 silly gunzTarPerm modified mode [ 'package.json', 436, 438 ]
218 silly gunzTarPerm extractEntry README.md
219 silly gunzTarPerm modified mode [ 'README.md', 420, 438 ]
220 silly gunzTarPerm extractEntry LICENSE
221 silly gunzTarPerm modified mode [ 'LICENSE', 420, 438 ]
222 silly gunzTarPerm extractEntry README.md
223 silly gunzTarPerm modified mode [ 'README.md', 420, 438 ]
224 silly gunzTarPerm extractEntry LICENSE
225 silly gunzTarPerm modified mode [ 'LICENSE', 420, 438 ]
226 silly gunzTarPerm extractEntry .npmignore
227 silly gunzTarPerm modified mode [ '.npmignore', 436, 438 ]
228 silly gunzTarPerm extractEntry README.md
229 silly gunzTarPerm modified mode [ 'README.md', 436, 438 ]
230 silly gunzTarPerm extractEntry fallback.js
231 silly gunzTarPerm modified mode [ 'fallback.js', 420, 438 ]
232 silly gunzTarPerm extractEntry index.js
233 silly gunzTarPerm modified mode [ 'index.js', 420, 438 ]
234 silly gunzTarPerm extractEntry test.js
235 silly gunzTarPerm modified mode [ 'test.js', 436, 438 ]
236 silly gunzTarPerm extractEntry index.js
237 silly gunzTarPerm modified mode [ 'index.js', 436, 438 ]
238 silly gunzTarPerm extractEntry fallback.js
239 silly gunzTarPerm modified mode [ 'fallback.js', 420, 438 ]
240 silly gunzTarPerm extractEntry index.js
241 silly gunzTarPerm modified mode [ 'index.js', 420, 438 ]
242 silly gunzTarPerm extractEntry LICENSE.txt
243 silly gunzTarPerm modified mode [ 'LICENSE.txt', 436, 438 ]
244 silly gunzTarPerm extractEntry sleep.cc
245 silly gunzTarPerm modified mode [ 'sleep.cc', 436, 438 ]
246 silly gunzTarPerm extractEntry binding.gyp
247 silly gunzTarPerm modified mode [ 'binding.gyp', 420, 438 ]
248 silly gunzTarPerm extractEntry src/bufferutil.cc
249 silly gunzTarPerm modified mode [ 'src/bufferutil.cc', 420, 438 ]
250 silly gunzTarPerm extractEntry binding.gyp
251 silly gunzTarPerm modified mode [ 'binding.gyp', 420, 438 ]
252 silly gunzTarPerm extractEntry src/validation.cc
253 silly gunzTarPerm modified mode [ 'src/validation.cc', 420, 438 ]
254 silly gunzTarPerm extractEntry binding.gyp
255 silly gunzTarPerm modified mode [ 'binding.gyp', 436, 438 ]
256 silly gentlyRm D:\Projects\fishtank\node_modules\.staging\sleep-5b94b290\node_modules is being purged
257 verbose gentlyRm don't care about contents; nuking D:\Projects\fishtank\node_modules\.staging\sleep-5b94b290\node_modules
258 silly gentlyRm D:\Projects\fishtank\node_modules\.staging\bufferutil-0ca27264\node_modules is being purged
259 verbose gentlyRm don't care about contents; nuking D:\Projects\fishtank\node_modules\.staging\bufferutil-0ca27264\node_modules
260 silly gentlyRm D:\Projects\fishtank\node_modules\.staging\utf-8-validate-1144ede5\node_modules is being purged
261 verbose gentlyRm don't care about contents; nuking D:\Projects\fishtank\node_modules\.staging\utf-8-validate-1144ede5\node_modules
262 silly doParallel preinstall 3
263 silly preinstall bufferutil@1.3.0 D:\Projects\fishtank\node_modules\.staging\bufferutil-0ca27264
264 info lifecycle bufferutil@1.3.0~preinstall: bufferutil@1.3.0
265 silly preinstall utf-8-validate@1.2.2 D:\Projects\fishtank\node_modules\.staging\utf-8-validate-1144ede5
266 info lifecycle utf-8-validate@1.2.2~preinstall: utf-8-validate@1.2.2
267 silly preinstall sleep@5.1.0 D:\Projects\fishtank\node_modules\.staging\sleep-5b94b290
268 info lifecycle sleep@5.1.0~preinstall: sleep@5.1.0
269 silly lifecycle bufferutil@1.3.0~preinstall: no script for preinstall, continuing
270 silly lifecycle utf-8-validate@1.2.2~preinstall: no script for preinstall, continuing
271 silly lifecycle sleep@5.1.0~preinstall: no script for preinstall, continuing
272 silly doReverseSerial remove 0
273 silly doSerial move 0
274 silly doSerial finalize 3
275 silly finalize D:\Projects\fishtank\node_modules\bufferutil
276 silly finalize D:\Projects\fishtank\node_modules\utf-8-validate
277 silly finalize D:\Projects\fishtank\node_modules\sleep
278 silly doSerial build 3
279 silly build bufferutil@1.3.0
280 info linkStuff bufferutil@1.3.0
281 silly linkStuff bufferutil@1.3.0 has D:\Projects\fishtank\node_modules as its parent node_modules
282 verbose linkBins bufferutil@1.3.0
283 verbose linkMans bufferutil@1.3.0
284 silly build utf-8-validate@1.2.2
285 info linkStuff utf-8-validate@1.2.2
286 silly linkStuff utf-8-validate@1.2.2 has D:\Projects\fishtank\node_modules as its parent node_modules
287 verbose linkBins utf-8-validate@1.2.2
288 verbose linkMans utf-8-validate@1.2.2
289 silly build sleep@5.1.0
290 info linkStuff sleep@5.1.0
291 silly linkStuff sleep@5.1.0 has D:\Projects\fishtank\node_modules as its parent node_modules
292 verbose linkBins sleep@5.1.0
293 verbose linkMans sleep@5.1.0
294 silly doSerial global-link 0
295 silly doParallel update-linked 0
296 silly doSerial install 3
297 silly install bufferutil@1.3.0 D:\Projects\fishtank\node_modules\.staging\bufferutil-0ca27264
298 info lifecycle bufferutil@1.3.0~install: bufferutil@1.3.0
299 verbose lifecycle bufferutil@1.3.0~install: unsafe-perm in lifecycle true
300 verbose lifecycle bufferutil@1.3.0~install: PATH: D:\Program Files\nodejs\node_modules\npm\bin\node-gyp-bin;D:\Projects\fishtank\node_modules\bufferutil\node_modules\.bin;D:\Projects\fishtank\node_modules\.bin;c:\devkitPro\msys\bin;C:\ProgramData\Oracle\Java\javapath;C:\WINDOWS\system32;C:\WINDOWS;C:\WINDOWS\System32\Wbem;C:\WINDOWS\System32\WindowsPowerShell\v1.0\;D:\Program Files\Git\cmd;C:\WINDOWS\system32\config\systemprofile\.dnx\bin;C:\Program Files\Microsoft DNX\Dnvm\;C:\Program Files\Microsoft SQL Server\130\Tools\Binn\;D:\Program Files (x86)\PuTTY\;C:\Program Files (x86)\GtkSharp\2.12\bin;D:\Program Files\nodejs\;D:\Program Files\Oracle\VirtualBox;D:\webOS_TV_SDK\CLI;D:\Program Files (x86)\Skype\Phone\;D:\ProgramData\Anaconda3;D:\ProgramData\Anaconda3\Scripts;D:\ProgramData\Anaconda3\Library\bin;D:\Program Files (x86)\QuickTime\QTSystem\;C:\Users\Greg\AppData\Local\Microsoft\WindowsApps;D:\Program Files (x86)\Microsoft VS Code\bin;C:\Users\Greg\AppData\Roaming\npm;C:\Users\Greg\AppData\Local\atom\bin
301 verbose lifecycle bufferutil@1.3.0~install: CWD: D:\Projects\fishtank\node_modules\bufferutil
302 silly lifecycle bufferutil@1.3.0~install: Args: [ '/d /s /c', 'node-gyp rebuild' ]
303 silly lifecycle bufferutil@1.3.0~install: Returned: code: 1  signal: null
304 info lifecycle bufferutil@1.3.0~install: Failed to exec install script
305 silly install utf-8-validate@1.2.2 D:\Projects\fishtank\node_modules\.staging\utf-8-validate-1144ede5
306 info lifecycle utf-8-validate@1.2.2~install: utf-8-validate@1.2.2
307 verbose lifecycle utf-8-validate@1.2.2~install: unsafe-perm in lifecycle true
308 verbose lifecycle utf-8-validate@1.2.2~install: PATH: D:\Program Files\nodejs\node_modules\npm\bin\node-gyp-bin;D:\Projects\fishtank\node_modules\utf-8-validate\node_modules\.bin;D:\Projects\fishtank\node_modules\.bin;c:\devkitPro\msys\bin;C:\ProgramData\Oracle\Java\javapath;C:\WINDOWS\system32;C:\WINDOWS;C:\WINDOWS\System32\Wbem;C:\WINDOWS\System32\WindowsPowerShell\v1.0\;D:\Program Files\Git\cmd;C:\WINDOWS\system32\config\systemprofile\.dnx\bin;C:\Program Files\Microsoft DNX\Dnvm\;C:\Program Files\Microsoft SQL Server\130\Tools\Binn\;D:\Program Files (x86)\PuTTY\;C:\Program Files (x86)\GtkSharp\2.12\bin;D:\Program Files\nodejs\;D:\Program Files\Oracle\VirtualBox;D:\webOS_TV_SDK\CLI;D:\Program Files (x86)\Skype\Phone\;D:\ProgramData\Anaconda3;D:\ProgramData\Anaconda3\Scripts;D:\ProgramData\Anaconda3\Library\bin;D:\Program Files (x86)\QuickTime\QTSystem\;C:\Users\Greg\AppData\Local\Microsoft\WindowsApps;D:\Program Files (x86)\Microsoft VS Code\bin;C:\Users\Greg\AppData\Roaming\npm;C:\Users\Greg\AppData\Local\atom\bin
309 verbose lifecycle utf-8-validate@1.2.2~install: CWD: D:\Projects\fishtank\node_modules\utf-8-validate
310 silly lifecycle utf-8-validate@1.2.2~install: Args: [ '/d /s /c', 'node-gyp rebuild' ]
311 silly lifecycle utf-8-validate@1.2.2~install: Returned: code: 1  signal: null
312 info lifecycle utf-8-validate@1.2.2~install: Failed to exec install script
313 silly install sleep@5.1.0 D:\Projects\fishtank\node_modules\.staging\sleep-5b94b290
314 info lifecycle sleep@5.1.0~install: sleep@5.1.0
315 verbose lifecycle sleep@5.1.0~install: unsafe-perm in lifecycle true
316 verbose lifecycle sleep@5.1.0~install: PATH: D:\Program Files\nodejs\node_modules\npm\bin\node-gyp-bin;D:\Projects\fishtank\node_modules\sleep\node_modules\.bin;D:\Projects\fishtank\node_modules\.bin;c:\devkitPro\msys\bin;C:\ProgramData\Oracle\Java\javapath;C:\WINDOWS\system32;C:\WINDOWS;C:\WINDOWS\System32\Wbem;C:\WINDOWS\System32\WindowsPowerShell\v1.0\;D:\Program Files\Git\cmd;C:\WINDOWS\system32\config\systemprofile\.dnx\bin;C:\Program Files\Microsoft DNX\Dnvm\;C:\Program Files\Microsoft SQL Server\130\Tools\Binn\;D:\Program Files (x86)\PuTTY\;C:\Program Files (x86)\GtkSharp\2.12\bin;D:\Program Files\nodejs\;D:\Program Files\Oracle\VirtualBox;D:\webOS_TV_SDK\CLI;D:\Program Files (x86)\Skype\Phone\;D:\ProgramData\Anaconda3;D:\ProgramData\Anaconda3\Scripts;D:\ProgramData\Anaconda3\Library\bin;D:\Program Files (x86)\QuickTime\QTSystem\;C:\Users\Greg\AppData\Local\Microsoft\WindowsApps;D:\Program Files (x86)\Microsoft VS Code\bin;C:\Users\Greg\AppData\Roaming\npm;C:\Users\Greg\AppData\Local\atom\bin
317 verbose lifecycle sleep@5.1.0~install: CWD: D:\Projects\fishtank\node_modules\sleep
318 silly lifecycle sleep@5.1.0~install: Args: [ '/d /s /c', 'node-gyp rebuild' ]
319 silly lifecycle sleep@5.1.0~install: Returned: code: 1  signal: null
320 info lifecycle sleep@5.1.0~install: Failed to exec install script
321 verbose unlock done using C:\Users\Greg\AppData\Roaming\npm-cache\_locks\staging-79d71645f5535a04.lock for D:\Projects\fishtank\node_modules\.staging
322 silly rollbackFailedOptional Starting
323 silly rollbackFailedOptional Finishing
324 silly runTopLevelLifecycles Finishing
325 silly install printInstalled
326 warn fishtank@1.0.0 No repository field.
327 verbose If you need help, you may report this error at:
327 verbose     <https://github.com/npm/npm/issues>
328 warn optional SKIPPING OPTIONAL DEPENDENCY: bufferutil@1.3.0 (node_modules\bufferutil):
329 warn optional SKIPPING OPTIONAL DEPENDENCY: bufferutil@1.3.0 install: `node-gyp rebuild`
329 warn optional SKIPPING OPTIONAL DEPENDENCY: Exit status 1
330 verbose optional SKIPPING OPTIONAL DEPENDENCY:
330 verbose optional Failed at the bufferutil@1.3.0 install script 'node-gyp rebuild'.
330 verbose optional SKIPPING OPTIONAL DEPENDENCY: Make sure you have the latest version of node.js and npm installed.
330 verbose optional SKIPPING OPTIONAL DEPENDENCY: If you do, this is most likely a problem with the bufferutil package,
330 verbose optional SKIPPING OPTIONAL DEPENDENCY: not with npm itself.
330 verbose optional SKIPPING OPTIONAL DEPENDENCY: Tell the author that this fails on your system:
330 verbose optional SKIPPING OPTIONAL DEPENDENCY:     node-gyp rebuild
330 verbose optional SKIPPING OPTIONAL DEPENDENCY: You can get information on how to open an issue for this project with:
330 verbose optional SKIPPING OPTIONAL DEPENDENCY:     npm bugs bufferutil
330 verbose optional SKIPPING OPTIONAL DEPENDENCY: Or if that isn't available, you can get their info via:
330 verbose optional SKIPPING OPTIONAL DEPENDENCY:     npm owner ls bufferutil
330 verbose optional SKIPPING OPTIONAL DEPENDENCY: There is likely additional logging output above.
331 warn optional SKIPPING OPTIONAL DEPENDENCY: utf-8-validate@1.2.2 (node_modules\utf-8-validate):
332 warn optional SKIPPING OPTIONAL DEPENDENCY: utf-8-validate@1.2.2 install: `node-gyp rebuild`
332 warn optional SKIPPING OPTIONAL DEPENDENCY: Exit status 1
333 verbose optional SKIPPING OPTIONAL DEPENDENCY:
333 verbose optional Failed at the utf-8-validate@1.2.2 install script 'node-gyp rebuild'.
333 verbose optional SKIPPING OPTIONAL DEPENDENCY: Make sure you have the latest version of node.js and npm installed.
333 verbose optional SKIPPING OPTIONAL DEPENDENCY: If you do, this is most likely a problem with the utf-8-validate package,
333 verbose optional SKIPPING OPTIONAL DEPENDENCY: not with npm itself.
333 verbose optional SKIPPING OPTIONAL DEPENDENCY: Tell the author that this fails on your system:
333 verbose optional SKIPPING OPTIONAL DEPENDENCY:     node-gyp rebuild
333 verbose optional SKIPPING OPTIONAL DEPENDENCY: You can get information on how to open an issue for this project with:
333 verbose optional SKIPPING OPTIONAL DEPENDENCY:     npm bugs utf-8-validate
333 verbose optional SKIPPING OPTIONAL DEPENDENCY: Or if that isn't available, you can get their info via:
333 verbose optional SKIPPING OPTIONAL DEPENDENCY:     npm owner ls utf-8-validate
333 verbose optional SKIPPING OPTIONAL DEPENDENCY: There is likely additional logging output above.
334 verbose stack Error: sleep@5.1.0 install: `node-gyp rebuild`
334 verbose stack Exit status 1
334 verbose stack     at EventEmitter.<anonymous> (D:\Program Files\nodejs\node_modules\npm\lib\utils\lifecycle.js:255:16)
334 verbose stack     at emitTwo (events.js:106:13)
334 verbose stack     at EventEmitter.emit (events.js:191:7)
334 verbose stack     at ChildProcess.<anonymous> (D:\Program Files\nodejs\node_modules\npm\lib\utils\spawn.js:40:14)
334 verbose stack     at emitTwo (events.js:106:13)
334 verbose stack     at ChildProcess.emit (events.js:191:7)
334 verbose stack     at maybeClose (internal/child_process.js:877:16)
334 verbose stack     at Process.ChildProcess._handle.onexit (internal/child_process.js:226:5)
335 verbose pkgid sleep@5.1.0
336 verbose cwd D:\Projects\fishtank
337 error Windows_NT 10.0.14393
338 error argv "D:\\Program Files\\nodejs\\node.exe" "D:\\Program Files\\nodejs\\node_modules\\npm\\bin\\npm-cli.js" "install" "sleep"
339 error node v6.10.0
340 error npm  v3.10.10
341 error code ELIFECYCLE
342 error sleep@5.1.0 install: `node-gyp rebuild`
342 error Exit status 1
343 error Failed at the sleep@5.1.0 install script 'node-gyp rebuild'.
343 error Make sure you have the latest version of node.js and npm installed.
343 error If you do, this is most likely a problem with the sleep package,
343 error not with npm itself.
343 error Tell the author that this fails on your system:
343 error     node-gyp rebuild
343 error You can get information on how to open an issue for this project with:
343 error     npm bugs sleep
343 error Or if that isn't available, you can get their info via:
343 error     npm owner ls sleep
343 error There is likely additional logging output above.
344 verbose exit [ 1, true ]
